"D:/Development/Demoman/Content/Material/M_Unbreakable.uasset" 0
"D:/Development/Demoman/Content/Material/M_Unbreakable.uexp" 1
"D:/Development/Demoman/Content/Material/Block/Textures/T_Metal.uasset" 2
"D:/Development/Demoman/Content/Material/Block/Textures/T_Metal.uexp" 3
"D:/Development/Demoman/Content/Material/Block/M_Indestructible.uasset" 4
"D:/Development/Demoman/Content/Material/Block/M_Indestructible.uexp" 5
"D:/Development/Demoman/Content/Material/Block/Textures/T_Indestructible.uasset" 6
"D:/Development/Demoman/Content/Material/Block/Textures/T_Indestructible.uexp" 7
"D:/Development/Demoman/Content/Material/Block/M_Strong.uasset" 8
"D:/Development/Demoman/Content/Material/Block/M_Strong.uexp" 9
"D:/Development/Demoman/Content/Material/Block/Textures/T_Wood.uasset" 10
"D:/Development/Demoman/Content/Material/Block/Textures/T_Wood.uexp" 11
"D:/Development/Demoman/Content/Material/Block/M_Surprise.uasset" 12
"D:/Development/Demoman/Content/Material/Block/M_Surprise.uexp" 13
"D:/Development/Demoman/Content/Material/Item/Textures/T_BonusBomb.uasset" 14
"D:/Development/Demoman/Content/Material/Item/Textures/T_BonusBomb.uexp" 15
"D:/Development/Demoman/Content/Material/Item/Textures/T_BonusBomb.ubulk" 16
"D:/Development/Demoman/Content/Material/Item/M_BonusBomb.uasset" 17
"D:/Development/Demoman/Content/Material/Item/M_BonusBomb.uexp" 18
"D:/Development/Demoman/Content/Material/Item/Textures/T_BonusPower.uasset" 19
"D:/Development/Demoman/Content/Material/Item/Textures/T_BonusPower.uexp" 20
"D:/Development/Demoman/Content/Material/Item/Textures/T_BonusPower.ubulk" 21
"D:/Development/Demoman/Content/Material/Item/M_BonusPower.uasset" 22
"D:/Development/Demoman/Content/Material/Item/M_BonusPower.uexp" 23
"D:/Development/Demoman/Content/Material/Item/Textures/T_BonusSpeed.uasset" 24
"D:/Development/Demoman/Content/Material/Item/Textures/T_BonusSpeed.uexp" 25
"D:/Development/Demoman/Content/Material/Item/Textures/T_BonusSpeed.ubulk" 26
"D:/Development/Demoman/Content/Material/Item/M_BonusSpeed.uasset" 27
"D:/Development/Demoman/Content/Material/Item/M_BonusSpeed.uexp" 28
"D:/Development/Demoman/Content/Material/Item/Textures/T_Bonus.uasset" 29
"D:/Development/Demoman/Content/Material/Item/Textures/T_Bonus.uexp" 30
"D:/Development/Demoman/Content/Material/Item/Textures/T_Bonus.ubulk" 31
"D:/Development/Demoman/Content/Material/Skin/Textures/T_DeadedPlayer.uasset" 32
"D:/Development/Demoman/Content/Material/Skin/Textures/T_DeadedPlayer.uexp" 33
"D:/Development/Demoman/Content/Material/Skin/Textures/T_DeadedPlayer.ubulk" 34
"D:/Development/Demoman/Content/Material/Skin/M_DeadedPlayer.uasset" 35
"D:/Development/Demoman/Content/Material/Skin/M_DeadedPlayer.uexp" 36
"D:/Development/Demoman/Content/Material/Skin/Textures/T_GreenPlayer.uasset" 37
"D:/Development/Demoman/Content/Material/Skin/Textures/T_GreenPlayer.uexp" 38
"D:/Development/Demoman/Content/Material/Skin/Textures/T_GreenPlayer.ubulk" 39
"D:/Development/Demoman/Content/Material/Skin/M_GreenPlayer.uasset" 40
"D:/Development/Demoman/Content/Material/Skin/M_GreenPlayer.uexp" 41
"D:/Development/Demoman/Content/Material/Skin/Textures/T_RedPlayer.uasset" 42
"D:/Development/Demoman/Content/Material/Skin/Textures/T_RedPlayer.uexp" 43
"D:/Development/Demoman/Content/Material/Skin/Textures/T_RedPlayer.ubulk" 44
"D:/Development/Demoman/Content/Material/Skin/M_RedPlayer.uasset" 45
"D:/Development/Demoman/Content/Material/Skin/M_RedPlayer.uexp" 46
"D:/Development/Demoman/Content/Material/Skin/Textures/T_YellowPlayer.uasset" 47
"D:/Development/Demoman/Content/Material/Skin/Textures/T_YellowPlayer.uexp" 48
"D:/Development/Demoman/Content/Material/Skin/Textures/T_YellowPlayer.ubulk" 49
"D:/Development/Demoman/Content/Material/Skin/M_YellowPlayer.uasset" 50
"D:/Development/Demoman/Content/Material/Skin/M_YellowPlayer.uexp" 51
"../../../Engine/Content/EngineMaterials/T_Default_Material_Grid_N.uasset" 52
"../../../Engine/Content/EngineMaterials/T_Default_Material_Grid_N.uexp" 53
"../../../Engine/Content/EngineMaterials/T_Default_Material_Grid_N.ubulk" 54
"../../../Engine/Content/EngineMaterials/T_Default_Material_Grid_M.uasset" 55
"../../../Engine/Content/EngineMaterials/T_Default_Material_Grid_M.uexp" 56
"../../../Engine/Content/EngineMaterials/T_Default_Material_Grid_M.ubulk" 57
"../../../Engine/Content/Functions/Engine_MaterialFunctions01/Opacity/CameraDepthFade.uasset" 58
"../../../Engine/Content/Functions/Engine_MaterialFunctions01/Opacity/CameraDepthFade.uexp" 59
"../../../Engine/Content/EngineMaterials/WorldGridMaterial.uasset" 60
"../../../Engine/Content/EngineMaterials/WorldGridMaterial.uexp" 61
"D:/Development/Demoman/Content/Models/Block.uasset" 62
"D:/Development/Demoman/Content/Models/Block.uexp" 63
"D:/Development/Demoman/Content/Models/Bonus.uasset" 64
"D:/Development/Demoman/Content/Models/Bonus.uexp" 65
"D:/Development/Demoman/Content/VFX/explosive.uasset" 66
"D:/Development/Demoman/Content/VFX/explosive.uexp" 67
"D:/Development/Demoman/Content/VFX/explosive.ubulk" 68
"D:/Development/Demoman/Content/VFX/M_Explosive.uasset" 69
"D:/Development/Demoman/Content/VFX/M_Explosive.uexp" 70
"D:/Development/Demoman/Content/VFX/PS_Explode.uasset" 71
"D:/Development/Demoman/Content/VFX/PS_Explode.uexp" 72
"D:/Development/Demoman/Content/Widgets/WD_Game.uasset" 73
"D:/Development/Demoman/Content/Widgets/WD_Game.uexp" 74
"../../../Engine/Content/EngineFonts/Faces/RobotoRegular.uasset" 75
"../../../Engine/Content/EngineFonts/Faces/RobotoRegular.uexp" 76
"../../../Engine/Content/EngineFonts/Faces/RobotoRegular.ufont" 77
"../../../Engine/Content/EngineFonts/Faces/RobotoLight.uasset" 78
"../../../Engine/Content/EngineFonts/Faces/RobotoLight.uexp" 79
"../../../Engine/Content/EngineFonts/Faces/RobotoLight.ufont" 80
"../../../Engine/Content/EngineFonts/Faces/RobotoItalic.uasset" 81
"../../../Engine/Content/EngineFonts/Faces/RobotoItalic.uexp" 82
"../../../Engine/Content/EngineFonts/Faces/RobotoItalic.ufont" 83
"../../../Engine/Content/EngineFonts/Faces/RobotoBoldItalic.uasset" 84
"../../../Engine/Content/EngineFonts/Faces/RobotoBoldItalic.uexp" 85
"../../../Engine/Content/EngineFonts/Faces/RobotoBoldItalic.ufont" 86
"../../../Engine/Content/EngineFonts/Faces/RobotoBold.uasset" 87
"../../../Engine/Content/EngineFonts/Faces/RobotoBold.uexp" 88
"../../../Engine/Content/EngineFonts/Faces/RobotoBold.ufont" 89
"../../../Engine/Content/EngineFonts/Faces/DroidSansFallback.uasset" 90
"../../../Engine/Content/EngineFonts/Faces/DroidSansFallback.uexp" 91
"../../../Engine/Content/EngineFonts/Faces/DroidSansFallback.ufont" 92
"../../../Engine/Content/EngineFonts/Roboto.uasset" 93
"../../../Engine/Content/EngineFonts/Roboto.uexp" 94
"../../../Engine/Content/EditorBlueprintResources/StandardMacros.uasset" 95
"../../../Engine/Content/EditorBlueprintResources/StandardMacros.uexp" 96
"D:/Development/Demoman/Content/Widgets/WD_GameLobby.uasset" 97
"D:/Development/Demoman/Content/Widgets/WD_GameLobby.uexp" 98
"D:/Development/Demoman/Content/Widgets/WD_FindedSession.uasset" 99
"D:/Development/Demoman/Content/Widgets/WD_FindedSession.uexp" 100
"D:/Development/Demoman/Content/Widgets/WD_MainMenu.uasset" 101
"D:/Development/Demoman/Content/Widgets/WD_MainMenu.uexp" 102
"../../../Engine/Content/ArtTools/RenderToTexture/Meshes/S_1_Unit_Plane.uasset" 103
"../../../Engine/Content/ArtTools/RenderToTexture/Meshes/S_1_Unit_Plane.uexp" 104
"../../../Engine/Content/EngineMaterials/DefaultMaterial.uasset" 105
"../../../Engine/Content/EngineMaterials/DefaultMaterial.uexp" 106
"../../../Engine/Content/BasicShapes/Cone.uasset" 107
"../../../Engine/Content/BasicShapes/Cone.uexp" 108
"../../../Engine/Content/BasicShapes/Cylinder.uasset" 109
"../../../Engine/Content/BasicShapes/Cylinder.uexp" 110
"../../../Engine/Content/BasicShapes/Plane.uasset" 111
"../../../Engine/Content/BasicShapes/Plane.uexp" 112
"../../../Engine/Content/BasicShapes/Sphere.uasset" 113
"../../../Engine/Content/BasicShapes/Sphere.uexp" 114
"../../../Engine/Content/EditorLandscapeResources/DataLayer.uasset" 115
"../../../Engine/Content/EditorLandscapeResources/DataLayer.uexp" 116
"../../../Engine/Content/EditorLandscapeResources/DefaultAlphaTexture.uasset" 117
"../../../Engine/Content/EditorLandscapeResources/DefaultAlphaTexture.uexp" 118
"../../../Engine/Content/EditorMaterials/MAT_Groups_Toggle.uasset" 119
"../../../Engine/Content/EditorMaterials/MAT_Groups_Toggle.uexp" 120
"../../../Engine/Content/EditorMaterials/MAT_Groups_Visibility.uasset" 121
"../../../Engine/Content/EditorMaterials/MAT_Groups_Visibility.uexp" 122
"../../../Engine/Content/EditorMaterials/PreviewShadowIndicator.uasset" 123
"../../../Engine/Content/EditorMaterials/PreviewShadowIndicator.uexp" 124
"../../../Engine/Content/EditorMaterials/PreviewShadowIndicator.ubulk" 125
"../../../Engine/Content/EditorMaterials/PreviewShadowIndicatorMaterial.uasset" 126
"../../../Engine/Content/EditorMaterials/PreviewShadowIndicatorMaterial.uexp" 127
"../../../Engine/Content/EditorMaterials/MatineeGroups/MAT_ColorTrack.uasset" 128
"../../../Engine/Content/EditorMaterials/MatineeGroups/MAT_ColorTrack.uexp" 129
"../../../Engine/Content/EditorMaterials/MatineeGroups/MAT_Groups_Anim.uasset" 130
"../../../Engine/Content/EditorMaterials/MatineeGroups/MAT_Groups_Anim.uexp" 131
"../../../Engine/Content/EditorMaterials/MatineeGroups/MAT_Groups_AudioMaster.uasset" 132
"../../../Engine/Content/EditorMaterials/MatineeGroups/MAT_Groups_AudioMaster.uexp" 133
"../../../Engine/Content/EditorMaterials/MatineeGroups/MAT_Groups_Director.uasset" 134
"../../../Engine/Content/EditorMaterials/MatineeGroups/MAT_Groups_Director.uexp" 135
"../../../Engine/Content/EditorMaterials/MatineeGroups/MAT_Groups_Event.uasset" 136
"../../../Engine/Content/EditorMaterials/MatineeGroups/MAT_Groups_Event.uexp" 137
"../../../Engine/Content/EditorMaterials/MatineeGroups/MAT_Groups_Fade.uasset" 138
"../../../Engine/Content/EditorMaterials/MatineeGroups/MAT_Groups_Fade.uexp" 139
"../../../Engine/Content/EditorMaterials/MatineeGroups/MAT_Groups_Float.uasset" 140
"../../../Engine/Content/EditorMaterials/MatineeGroups/MAT_Groups_Float.uexp" 141
"../../../Engine/Content/EditorMaterials/MatineeGroups/MAT_Groups_Move.uasset" 142
"../../../Engine/Content/EditorMaterials/MatineeGroups/MAT_Groups_Move.uexp" 143
"../../../Engine/Content/EditorMaterials/MatineeGroups/MAT_Groups_Slomo.uasset" 144
"../../../Engine/Content/EditorMaterials/MatineeGroups/MAT_Groups_Slomo.uexp" 145
"../../../Engine/Content/EditorMaterials/MatineeGroups/MAT_Groups_Sound.uasset" 146
"../../../Engine/Content/EditorMaterials/MatineeGroups/MAT_Groups_Sound.uexp" 147
"../../../Engine/Content/EditorMaterials/MatineeGroups/MAT_Groups_Vector.uasset" 148
"../../../Engine/Content/EditorMaterials/MatineeGroups/MAT_Groups_Vector.uexp" 149
"../../../Engine/Content/EditorMaterials/ParticleSystems/PSysThumbnail_NoImage.uasset" 150
"../../../Engine/Content/EditorMaterials/ParticleSystems/PSysThumbnail_NoImage.uexp" 151
"../../../Engine/Content/EditorMaterials/ParticleSystems/PSysThumbnail_NoImage.ubulk" 152
"../../../Engine/Content/EditorMaterials/ParticleSystems/PSysThumbnail_OOD.uasset" 153
"../../../Engine/Content/EditorMaterials/ParticleSystems/PSysThumbnail_OOD.uexp" 154
"../../../Engine/Content/EditorMaterials/ParticleSystems/PSysThumbnail_OOD.ubulk" 155
"../../../Engine/Content/EditorMaterials/Camera/CineMat.uasset" 156
"../../../Engine/Content/EditorMaterials/Camera/CineMat.uexp" 157
"../../../Engine/Content/EditorMaterials/Camera/MI_CineMat_Rig.uasset" 158
"../../../Engine/Content/EditorMaterials/Camera/MI_CineMat_Rig.uexp" 159
"../../../Engine/Content/EditorMeshes/Camera/SM_CraneRig_Arm.uasset" 160
"../../../Engine/Content/EditorMeshes/Camera/SM_CraneRig_Arm.uexp" 161
"../../../Engine/Content/EditorMeshes/Camera/SM_CraneRig_Base.uasset" 162
"../../../Engine/Content/EditorMeshes/Camera/SM_CraneRig_Base.uexp" 163
"../../../Engine/Content/EditorMeshes/Camera/SM_CraneRig_Body.uasset" 164
"../../../Engine/Content/EditorMeshes/Camera/SM_CraneRig_Body.uexp" 165
"../../../Engine/Content/EditorMeshes/Camera/SM_CraneRig_Mount.uasset" 166
"../../../Engine/Content/EditorMeshes/Camera/SM_CraneRig_Mount.uexp" 167
"../../../Engine/Content/EditorMeshes/Camera/SM_RailRig_Mount.uasset" 168
"../../../Engine/Content/EditorMeshes/Camera/SM_RailRig_Mount.uexp" 169
"../../../Engine/Content/EditorMeshes/Camera/SM_RailRig_Track.uasset" 170
"../../../Engine/Content/EditorMeshes/Camera/SM_RailRig_Track.uexp" 171
"../../../Engine/Content/EditorResources/BSPVertex.uasset" 172
"../../../Engine/Content/EditorResources/BSPVertex.uexp" 173
"../../../Engine/Content/EditorResources/EmptyActor.uasset" 174
"../../../Engine/Content/EditorResources/EmptyActor.uexp" 175
"../../../Engine/Content/EditorResources/S_Actor.uasset" 176
"../../../Engine/Content/EditorResources/S_Actor.uexp" 177
"../../../Engine/Content/EditorResources/S_Actor.ubulk" 178
"../../../Engine/Content/EditorResources/S_Note.uasset" 179
"../../../Engine/Content/EditorResources/S_Note.uexp" 180
"../../../Engine/Content/EditorResources/S_Note.ubulk" 181
"../../../Engine/Content/EditorResources/S_Solver.uasset" 182
"../../../Engine/Content/EditorResources/S_Solver.uexp" 183
"../../../Engine/Content/EditorResources/S_Solver.ubulk" 184
"../../../Engine/Content/EditorResources/S_Terrain.uasset" 185
"../../../Engine/Content/EditorResources/S_Terrain.uexp" 186
"../../../Engine/Content/EditorResources/S_Terrain.ubulk" 187
"../../../Engine/Content/EditorResources/S_Trigger.uasset" 188
"../../../Engine/Content/EditorResources/S_Trigger.uexp" 189
"../../../Engine/Content/EditorResources/S_Trigger.ubulk" 190
"../../../Engine/Content/EditorResources/LightIcons/S_LightError.uasset" 191
"../../../Engine/Content/EditorResources/LightIcons/S_LightError.uexp" 192
"../../../Engine/Content/EditorResources/SequenceRecorder/Countdown.uasset" 193
"../../../Engine/Content/EditorResources/SequenceRecorder/Countdown.uexp" 194
"../../../Engine/Content/EditorResources/SequenceRecorder/RecordingIndicator.uasset" 195
"../../../Engine/Content/EditorResources/SequenceRecorder/RecordingIndicator.uexp" 196
"../../../Engine/Content/EngineDamageTypes/DmgTypeBP_Environmental.uasset" 197
"../../../Engine/Content/EngineDamageTypes/DmgTypeBP_Environmental.uexp" 198
"../../../Engine/Content/EngineDebugMaterials/DebugEditorMaterial.uasset" 199
"../../../Engine/Content/EngineDebugMaterials/DebugEditorMaterial.uexp" 200
"../../../Engine/Content/EngineDebugMaterials/DebugMeshMaterial.uasset" 201
"../../../Engine/Content/EngineDebugMaterials/DebugMeshMaterial.uexp" 202
"../../../Engine/Content/EngineDebugMaterials/M_SimpleUnlitTranslucent.uasset" 203
"../../../Engine/Content/EngineDebugMaterials/M_SimpleUnlitTranslucent.uexp" 204
"../../../Engine/Content/EngineDebugMaterials/VolumeToRender.uasset" 205
"../../../Engine/Content/EngineDebugMaterials/VolumeToRender.uexp" 206
"../../../Engine/Content/Functions/Engine_MaterialFunctions02/Utility/CameraDirectionVector.uasset" 207
"../../../Engine/Content/Functions/Engine_MaterialFunctions02/Utility/CameraDirectionVector.uexp" 208
"../../../Engine/Content/EngineDebugMaterials/M_VolumeRenderSphereTracePP.uasset" 209
"../../../Engine/Content/EngineDebugMaterials/M_VolumeRenderSphereTracePP.uexp" 210
"../../../Engine/Content/EngineMaterials/BaseFlattenNormalMap.uasset" 211
"../../../Engine/Content/EngineMaterials/BaseFlattenNormalMap.uexp" 212
"../../../Engine/Content/EngineMaterials/BaseFlattenGrayscaleMap.uasset" 213
"../../../Engine/Content/EngineMaterials/BaseFlattenGrayscaleMap.uexp" 214
"../../../Engine/Content/EngineMaterials/BaseFlattenEmissiveMap.uasset" 215
"../../../Engine/Content/EngineMaterials/BaseFlattenEmissiveMap.uexp" 216
"../../../Engine/Content/EngineMaterials/BaseFlattenDiffuseMap.uasset" 217
"../../../Engine/Content/EngineMaterials/BaseFlattenDiffuseMap.uexp" 218
"../../../Engine/Content/EngineMaterials/BaseFlattenMaterial.uasset" 219
"../../../Engine/Content/EngineMaterials/BaseFlattenMaterial.uexp" 220
"../../../Engine/Content/EngineMaterials/BlueNoise.uasset" 221
"../../../Engine/Content/EngineMaterials/BlueNoise.uexp" 222
"../../../Engine/Content/EngineMaterials/DefaultBloomKernel.uasset" 223
"../../../Engine/Content/EngineMaterials/DefaultBloomKernel.uexp" 224
"../../../Engine/Content/EngineMaterials/DefaultBokeh.uasset" 225
"../../../Engine/Content/EngineMaterials/DefaultBokeh.uexp" 226
"../../../Engine/Content/EngineMaterials/DefaultDiffuse.uasset" 227
"../../../Engine/Content/EngineMaterials/DefaultDiffuse.uexp" 228
"../../../Engine/Content/EngineMaterials/DefaultDiffuse.ubulk" 229
"../../../Engine/Content/EngineMaterials/DefaultDeferredDecalMaterial.uasset" 230
"../../../Engine/Content/EngineMaterials/DefaultDeferredDecalMaterial.uexp" 231
"../../../Engine/Content/EngineMaterials/DefaultLightFunctionMaterial.uasset" 232
"../../../Engine/Content/EngineMaterials/DefaultLightFunctionMaterial.uexp" 233
"../../../Engine/Content/EngineMaterials/DefaultPhysicalMaterial.uasset" 234
"../../../Engine/Content/EngineMaterials/DefaultPhysicalMaterial.uexp" 235
"../../../Engine/Content/Functions/Engine_MaterialFunctions02/Utility/BreakOutFloat2Components.uasset" 236
"../../../Engine/Content/Functions/Engine_MaterialFunctions02/Utility/BreakOutFloat2Components.uexp" 237
"../../../Engine/Content/EngineMaterials/DefaultPostProcessMaterial.uasset" 238
"../../../Engine/Content/EngineMaterials/DefaultPostProcessMaterial.uexp" 239
"../../../Engine/Content/EngineFonts/RobotoDistanceField.uasset" 240
"../../../Engine/Content/EngineFonts/RobotoDistanceField.uexp" 241
"../../../Engine/Content/EngineMaterials/DefaultTextMaterialOpaque.uasset" 242
"../../../Engine/Content/EngineMaterials/DefaultTextMaterialOpaque.uexp" 243
"../../../Engine/Content/EngineMaterials/DefaultWhiteGrid.uasset" 244
"../../../Engine/Content/EngineMaterials/DefaultWhiteGrid.uexp" 245
"../../../Engine/Content/EngineMaterials/DefaultWhiteGrid.ubulk" 246
"../../../Engine/Content/EngineMaterials/DefaultWhiteGrid_Low.uasset" 247
"../../../Engine/Content/EngineMaterials/DefaultWhiteGrid_Low.uexp" 248
"../../../Engine/Content/EngineMaterials/EmissiveMeshMaterial.uasset" 249
"../../../Engine/Content/EngineMaterials/EmissiveMeshMaterial.uexp" 250
"../../../Engine/Content/EngineMaterials/GizmoMaterial.uasset" 251
"../../../Engine/Content/EngineMaterials/GizmoMaterial.uexp" 252
"../../../Engine/Content/EngineMaterials/Good64x64TilingNoiseHighFreq.uasset" 253
"../../../Engine/Content/EngineMaterials/Good64x64TilingNoiseHighFreq.uexp" 254
"../../../Engine/Content/EngineMaterials/MiniFont.uasset" 255
"../../../Engine/Content/EngineMaterials/MiniFont.uexp" 256
"../../../Engine/Content/EngineMaterials/InvalidLightmapSettings.uasset" 257
"../../../Engine/Content/EngineMaterials/InvalidLightmapSettings.uexp" 258
"../../../Engine/Content/EngineMaterials/InvalidLightmapSettings.ubulk" 259
"../../../Engine/Content/EngineMaterials/M_InvalidLightmapSettings.uasset" 260
"../../../Engine/Content/EngineMaterials/M_InvalidLightmapSettings.uexp" 261
"../../../Engine/Content/Functions/Engine_MaterialFunctions02/WorldPositionOffset/CameraOffset.uasset" 262
"../../../Engine/Content/Functions/Engine_MaterialFunctions02/WorldPositionOffset/CameraOffset.uexp" 263
"../../../Engine/Content/EngineMaterials/PhAT_JointLimitMaterial.uasset" 264
"../../../Engine/Content/EngineMaterials/PhAT_JointLimitMaterial.uexp" 265
"../../../Engine/Content/EngineMaterials/DefaultCalibrationColor.uasset" 266
"../../../Engine/Content/EngineMaterials/DefaultCalibrationColor.uexp" 267
"../../../Engine/Content/EngineMaterials/PPM_DefaultCalibrationColor.uasset" 268
"../../../Engine/Content/EngineMaterials/PPM_DefaultCalibrationColor.uexp" 269
"../../../Engine/Content/EngineMaterials/DefaultCalibrationGrayscale.uasset" 270
"../../../Engine/Content/EngineMaterials/DefaultCalibrationGrayscale.uexp" 271
"../../../Engine/Content/EngineMaterials/PPM_DefaultCalibrationGrayscale.uasset" 272
"../../../Engine/Content/EngineMaterials/PPM_DefaultCalibrationGrayscale.uexp" 273
"../../../Engine/Content/EngineMaterials/PreintegratedSkinBRDF.uasset" 274
"../../../Engine/Content/EngineMaterials/PreintegratedSkinBRDF.uexp" 275
"../../../Engine/Content/EngineMaterials/RemoveSurfaceMaterial.uasset" 276
"../../../Engine/Content/EngineMaterials/RemoveSurfaceMaterial.uexp" 277
"../../../Engine/Content/EngineMaterials/WeightMapPlaceholderTexture.uasset" 278
"../../../Engine/Content/EngineMaterials/WeightMapPlaceholderTexture.uexp" 279
"../../../Engine/Content/EngineResources/WhiteSquareTexture.uasset" 280
"../../../Engine/Content/EngineResources/WhiteSquareTexture.uexp" 281
"../../../Engine/Content/EngineMaterials/Widget3DPassThrough.uasset" 282
"../../../Engine/Content/EngineMaterials/Widget3DPassThrough.uexp" 283
"../../../Engine/Content/EngineMaterials/Widget3DPassThrough_Masked.uasset" 284
"../../../Engine/Content/EngineMaterials/Widget3DPassThrough_Masked.uexp" 285
"../../../Engine/Content/EngineMaterials/Widget3DPassThrough_Opaque.uasset" 286
"../../../Engine/Content/EngineMaterials/Widget3DPassThrough_Opaque.uexp" 287
"../../../Engine/Content/EngineMaterials/Widget3DPassThrough_Masked_OneSided.uasset" 288
"../../../Engine/Content/EngineMaterials/Widget3DPassThrough_Masked_OneSided.uexp" 289
"../../../Engine/Content/EngineMaterials/Widget3DPassThrough_Opaque_OneSided.uasset" 290
"../../../Engine/Content/EngineMaterials/Widget3DPassThrough_Opaque_OneSided.uexp" 291
"../../../Engine/Content/EngineMaterials/Widget3DPassThrough_Translucent.uasset" 292
"../../../Engine/Content/EngineMaterials/Widget3DPassThrough_Translucent.uexp" 293
"../../../Engine/Content/EngineMaterials/Widget3DPassThrough_Translucent_OneSided.uasset" 294
"../../../Engine/Content/EngineMaterials/Widget3DPassThrough_Translucent_OneSided.uexp" 295
"../../../Engine/Content/EngineMeshes/Sphere.uasset" 296
"../../../Engine/Content/EngineMeshes/Sphere.uexp" 297
"../../../Engine/Content/EngineResources/Black.uasset" 298
"../../../Engine/Content/EngineResources/Black.uexp" 299
"../../../Engine/Content/EngineResources/DefaultTexture.uasset" 300
"../../../Engine/Content/EngineResources/DefaultTexture.uexp" 301
"../../../Engine/Content/EngineResources/DefaultTexture.ubulk" 302
"../../../Engine/Content/EngineResources/DefaultTextureCube.uasset" 303
"../../../Engine/Content/EngineResources/DefaultTextureCube.uexp" 304
"../../../Engine/Content/EngineResources/DefaultVolumeTexture2D.uasset" 305
"../../../Engine/Content/EngineResources/DefaultVolumeTexture2D.uexp" 306
"../../../Engine/Content/EngineResources/DefaultVolumeTexture.uasset" 307
"../../../Engine/Content/EngineResources/DefaultVolumeTexture.uexp" 308
"../../../Engine/Content/EngineResources/GradientTexture0.uasset" 309
"../../../Engine/Content/EngineResources/GradientTexture0.uexp" 310
"../../../Engine/Content/EngineSky/VolumetricClouds/T_NoiseShape64.uasset" 311
"../../../Engine/Content/EngineSky/VolumetricClouds/T_NoiseShape64.uexp" 312
"../../../Engine/Content/EngineSky/VolumetricClouds/T_NoiseShape64.ubulk" 313
"../../../Engine/Content/EngineSky/VolumetricClouds/T_VolumeNoiseShape64.uasset" 314
"../../../Engine/Content/EngineSky/VolumetricClouds/T_VolumeNoiseShape64.uexp" 315
"../../../Engine/Content/EngineSky/VolumetricClouds/T_NoiseErosion.uasset" 316
"../../../Engine/Content/EngineSky/VolumetricClouds/T_NoiseErosion.uexp" 317
"../../../Engine/Content/EngineSky/VolumetricClouds/T_NoiseErosion.ubulk" 318
"../../../Engine/Content/EngineSky/VolumetricClouds/T_VolumeNoiseErosion32.uasset" 319
"../../../Engine/Content/EngineSky/VolumetricClouds/T_VolumeNoiseErosion32.uexp" 320
"../../../Engine/Content/EngineSky/VolumetricClouds/CloudWeatherTexture.uasset" 321
"../../../Engine/Content/EngineSky/VolumetricClouds/CloudWeatherTexture.uexp" 322
"../../../Engine/Content/EngineSky/VolumetricClouds/CloudGradientTexture.uasset" 323
"../../../Engine/Content/EngineSky/VolumetricClouds/CloudGradientTexture.uexp" 324
"../../../Engine/Content/Functions/Engine_MaterialFunctions02/Utility/MakeFloat2.uasset" 325
"../../../Engine/Content/Functions/Engine_MaterialFunctions02/Utility/MakeFloat2.uexp" 326
"../../../Engine/Content/EngineSky/VolumetricClouds/m_SimpleVolumetricCloud.uasset" 327
"../../../Engine/Content/EngineSky/VolumetricClouds/m_SimpleVolumetricCloud.uexp" 328
"../../../Engine/Content/EngineSky/VolumetricClouds/m_SimpleVolumetricCloud_Inst.uasset" 329
"../../../Engine/Content/EngineSky/VolumetricClouds/m_SimpleVolumetricCloud_Inst.uexp" 330
"../../../Engine/Content/EngineSounds/Master.uasset" 331
"../../../Engine/Content/EngineSounds/Master.uexp" 332
"../../../Engine/Content/Functions/Engine_MaterialFunctions01/Shading/ConvertFromDiffSpec.uasset" 333
"../../../Engine/Content/Functions/Engine_MaterialFunctions01/Shading/ConvertFromDiffSpec.uexp" 334
"../../../Engine/Content/Functions/Engine_MaterialFunctions01/Shading/PowerToRoughness.uasset" 335
"../../../Engine/Content/Functions/Engine_MaterialFunctions01/Shading/PowerToRoughness.uexp" 336
"../../../Engine/Content/Maps/Templates/Thumbnails/Default.uasset" 337
"../../../Engine/Content/Maps/Templates/Thumbnails/Default.uexp" 338
"../../../Engine/Content/Maps/Templates/Thumbnails/TimeOfDay.uasset" 339
"../../../Engine/Content/Maps/Templates/Thumbnails/TimeOfDay.uexp" 340
"../../../Engine/Content/Maps/Templates/Thumbnails/VR-Basic.uasset" 341
"../../../Engine/Content/Maps/Templates/Thumbnails/VR-Basic.uexp" 342
"../../../Engine/Content/MobileResources/T_MobileControls_texture.uasset" 343
"../../../Engine/Content/MobileResources/T_MobileControls_texture.uexp" 344
"../../../Engine/Content/MobileResources/T_MobileMenu2.uasset" 345
"../../../Engine/Content/MobileResources/T_MobileMenu2.uexp" 346
"../../../Engine/Content/MobileResources/HUD/AnalogHat.uasset" 347
"../../../Engine/Content/MobileResources/HUD/AnalogHat.uexp" 348
"../../../Engine/Content/MobileResources/HUD/VirtualJoystick_Thumb.uasset" 349
"../../../Engine/Content/MobileResources/HUD/VirtualJoystick_Thumb.uexp" 350
"../../../Engine/Content/MobileResources/HUD/VirtualJoystick_Background.uasset" 351
"../../../Engine/Content/MobileResources/HUD/VirtualJoystick_Background.uexp" 352
"../../../Engine/Content/MobileResources/HUD/DefaultVirtualJoysticks.uasset" 353
"../../../Engine/Content/MobileResources/HUD/DefaultVirtualJoysticks.uexp" 354
"../../../Engine/Content/MobileResources/HUD/LeftVirtualJoystickOnly.uasset" 355
"../../../Engine/Content/MobileResources/HUD/LeftVirtualJoystickOnly.uexp" 356
"../../../Engine/Content/MobileResources/HUD/MobileHUDButton1_off.uasset" 357
"../../../Engine/Content/MobileResources/HUD/MobileHUDButton1_off.uexp" 358
"../../../Engine/Content/MobileResources/HUD/MobileHUDButton1_on.uasset" 359
"../../../Engine/Content/MobileResources/HUD/MobileHUDButton1_on.uexp" 360
"../../../Engine/Content/MobileResources/HUD/MobileHUDButton2_off.uasset" 361
"../../../Engine/Content/MobileResources/HUD/MobileHUDButton2_off.uexp" 362
"../../../Engine/Content/MobileResources/HUD/MobileHUDButton2_on.uasset" 363
"../../../Engine/Content/MobileResources/HUD/MobileHUDButton2_on.uexp" 364
"../../../Engine/Content/MobileResources/HUD/MobileHUDButton3.uasset" 365
"../../../Engine/Content/MobileResources/HUD/MobileHUDButton3.uexp" 366
"../../../Engine/Content/MobileResources/HUD/MobileHUDButtonFire.uasset" 367
"../../../Engine/Content/MobileResources/HUD/MobileHUDButtonFire.uexp" 368
"../../../Engine/Content/MobileResources/HUD/MobileHUDDirectionPad.uasset" 369
"../../../Engine/Content/MobileResources/HUD/MobileHUDDirectionPad.uexp" 370
"../../../Engine/Content/MobileResources/HUD/MobileHUDDirectionPad2.uasset" 371
"../../../Engine/Content/MobileResources/HUD/MobileHUDDirectionPad2.uexp" 372
"../../../Engine/Content/MobileResources/HUD/MobileHUDDirectionPad3.uasset" 373
"../../../Engine/Content/MobileResources/HUD/MobileHUDDirectionPad3.uexp" 374
"../../../Engine/Content/MobileResources/HUD/MobileHUDDirectionStick.uasset" 375
"../../../Engine/Content/MobileResources/HUD/MobileHUDDirectionStick.uexp" 376
"../../../Engine/Content/MobileResources/HUD/T_Castle_ThumbstickInner.uasset" 377
"../../../Engine/Content/MobileResources/HUD/T_Castle_ThumbstickInner.uexp" 378
"../../../Engine/Content/MobileResources/HUD/T_Castle_ThumbstickOutter.uasset" 379
"../../../Engine/Content/MobileResources/HUD/T_Castle_ThumbstickOutter.uexp" 380
"../../../Engine/Content/Tutorial/ContentIntroCurve.uasset" 381
"../../../Engine/Content/Tutorial/ContentIntroCurve.uexp" 382
"../../../Engine/Content/Tutorial/Basics/TutorialAssets/icon_tab_Levels_40x.uasset" 383
"../../../Engine/Content/Tutorial/Basics/TutorialAssets/icon_tab_Levels_40x.uexp" 384
"../../../Engine/Content/Tutorial/BlueprintTutorials/TutorialAssets/Blueprint_64x.uasset" 385
"../../../Engine/Content/Tutorial/BlueprintTutorials/TutorialAssets/Blueprint_64x.uexp" 386
"../../../Engine/Content/VREditor/TransformGizmo/TranslucentTransformGizmoMaterial.uasset" 387
"../../../Engine/Content/VREditor/TransformGizmo/TranslucentTransformGizmoMaterial.uexp" 388
"../../../Engine/Content/VREditor/LaserPointer/VR_LaserPower_01.uasset" 389
"../../../Engine/Content/VREditor/LaserPointer/VR_LaserPower_01.uexp" 390
"../../../Engine/Content/VREditor/LaserPointer/VR_LaserPower_01.ubulk" 391
"../../../Engine/Content/VREditor/TransformGizmo/TransformGizmoMaterial.uasset" 392
"../../../Engine/Content/VREditor/TransformGizmo/TransformGizmoMaterial.uexp" 393
"../../../Engine/Content/VREditor/TransformGizmo/BoundingBoxCorner.uasset" 394
"../../../Engine/Content/VREditor/TransformGizmo/BoundingBoxCorner.uexp" 395
"../../../Engine/Content/VREditor/TransformGizmo/BoundingBoxEdge.uasset" 396
"../../../Engine/Content/VREditor/TransformGizmo/BoundingBoxEdge.uexp" 397
"../../../Engine/Content/VREditor/TransformGizmo/PlaneTranslationHandle.uasset" 398
"../../../Engine/Content/VREditor/TransformGizmo/PlaneTranslationHandle.uexp" 399
"../../../Engine/Content/VREditor/TransformGizmo/Xray.uasset" 400
"../../../Engine/Content/VREditor/TransformGizmo/Xray.uexp" 401
"../../../Engine/Content/VREditor/TransformGizmo/Main.uasset" 402
"../../../Engine/Content/VREditor/TransformGizmo/Main.uexp" 403
"../../../Engine/Content/VREditor/TransformGizmo/SM_Sequencer_Key.uasset" 404
"../../../Engine/Content/VREditor/TransformGizmo/SM_Sequencer_Key.uexp" 405
"../../../Engine/Content/VREditor/TransformGizmo/SM_Sequencer_Node.uasset" 406
"../../../Engine/Content/VREditor/TransformGizmo/SM_Sequencer_Node.uexp" 407
"../../../Engine/Content/EngineSky/T_Sky_Stars.uasset" 408
"../../../Engine/Content/EngineSky/T_Sky_Stars.uexp" 409
"../../../Engine/Content/EngineSky/T_Sky_Stars.ubulk" 410
"../../../Engine/Content/EngineSky/T_Sky_Clouds_M.uasset" 411
"../../../Engine/Content/EngineSky/T_Sky_Clouds_M.uexp" 412
"../../../Engine/Content/EngineSky/T_Sky_Clouds_M.ubulk" 413
"../../../Engine/Content/EngineSky/T_Sky_Blue.uasset" 414
"../../../Engine/Content/EngineSky/T_Sky_Blue.uexp" 415
"../../../Engine/Content/EngineSky/T_Sky_Blue.ubulk" 416
"D:/Development/Demoman/Content/Material/Block/Textures/T_Default.uasset" 417
"D:/Development/Demoman/Content/Material/Block/Textures/T_Default.uexp" 418
"D:/Development/Demoman/Content/Material/M_Floor.uasset" 419
"D:/Development/Demoman/Content/Material/M_Floor.uexp" 420
"../../../Engine/Content/EngineSky/M_Sky_Panning_Clouds2.uasset" 421
"../../../Engine/Content/EngineSky/M_Sky_Panning_Clouds2.uexp" 422
"D:/Development/Demoman/Content/Maps/4PlayerFastMap_BuiltData.uasset" 423
"D:/Development/Demoman/Content/Maps/4PlayerFastMap_BuiltData.uexp" 424
"D:/Development/Demoman/Content/Maps/4PlayerFastMap_BuiltData.ubulk" 425
"../../../Engine/Content/EngineSky/SM_SkySphere.uasset" 426
"../../../Engine/Content/EngineSky/SM_SkySphere.uexp" 427
"../../../Engine/Content/EngineSky/C_Sky_Zenith_Color.uasset" 428
"../../../Engine/Content/EngineSky/C_Sky_Zenith_Color.uexp" 429
"../../../Engine/Content/EngineSky/C_Sky_Horizon_Color.uasset" 430
"../../../Engine/Content/EngineSky/C_Sky_Horizon_Color.uexp" 431
"../../../Engine/Content/EngineSky/C_Sky_Cloud_Color.uasset" 432
"../../../Engine/Content/EngineSky/C_Sky_Cloud_Color.uexp" 433
"../../../Engine/Content/EngineSky/BP_Sky_Sphere.uasset" 434
"../../../Engine/Content/EngineSky/BP_Sky_Sphere.uexp" 435
"D:/Development/Demoman/Content/Maps/4PlayerFastMap.uexp" 436
"D:/Development/Demoman/Content/Maps/4PlayerFastMap.umap" 437
"D:/Development/Demoman/Content/Material/Block/Textures/T_Rock.uasset" 438
"D:/Development/Demoman/Content/Material/Block/Textures/T_Rock.uexp" 439
"D:/Development/Demoman/Content/Material/Block/M_Default.uasset" 440
"D:/Development/Demoman/Content/Material/Block/M_Default.uexp" 441
"D:/Development/Demoman/Content/Maps/4PlayerMap_BuiltData.uasset" 442
"D:/Development/Demoman/Content/Maps/4PlayerMap_BuiltData.uexp" 443
"D:/Development/Demoman/Content/Maps/4PlayerMap_BuiltData.ubulk" 444
"D:/Development/Demoman/Content/Maps/4PlayerMap.uexp" 445
"D:/Development/Demoman/Content/Maps/4PlayerMap.umap" 446
"D:/Development/Demoman/Content/Models/Cube.uasset" 447
"D:/Development/Demoman/Content/Models/Cube.uexp" 448
"D:/Development/Demoman/Content/Models/Bomb.uasset" 449
"D:/Development/Demoman/Content/Models/Bomb.uexp" 450
"../../../Engine/Content/BasicShapes/Cube.uasset" 451
"../../../Engine/Content/BasicShapes/Cube.uexp" 452
"D:/Development/Demoman/Content/Material/Skin/Textures/T_BluePlayer.uasset" 453
"D:/Development/Demoman/Content/Material/Skin/Textures/T_BluePlayer.uexp" 454
"D:/Development/Demoman/Content/Material/Skin/Textures/T_BluePlayer.ubulk" 455
"D:/Development/Demoman/Content/Material/Skin/M_BluePlayer.uasset" 456
"D:/Development/Demoman/Content/Material/Skin/M_BluePlayer.uexp" 457
"../../../Engine/Content/BasicShapes/BasicShapeMaterial.uasset" 458
"../../../Engine/Content/BasicShapes/BasicShapeMaterial.uexp" 459
"D:/Development/Demoman/Content/Maps/MainMenuMap_BuiltData.uasset" 460
"D:/Development/Demoman/Content/Maps/MainMenuMap_BuiltData.uexp" 461
"D:/Development/Demoman/Content/Maps/MainMenuMap_BuiltData.ubulk" 462
"D:/Development/Demoman/Content/Maps/MainMenuMap.uexp" 463
"D:/Development/Demoman/Content/Maps/MainMenuMap.umap" 464
"../../../Engine/Content/Maps/Entry_BuiltData.uasset" 465
"../../../Engine/Content/Maps/Entry_BuiltData.uexp" 466
"../../../Engine/Content/Maps/Entry.uexp" 467
"../../../Engine/Content/Maps/Entry.umap" 468
